Mode: WRITE
Fetched 28 agencies.

✓ Ascendis
    facebook: https://www.facebook.com/ascendis.ro
    linkedin: https://www.linkedin.com/company/57820/
    instagram: https://www.instagram.com/ascendis.ro/&amp;rut=ff0e14e17f863aa24c17532fd233399247d422a25593e12f81820ee37d96a086
✓ Bitou
    facebook: https://www.facebook.com/profile.php/?id=100085333307779&amp;rut=8fb21bd01a3ccd5f26a23486e9f714f76a5d259bb6396fae1eeffba9773b5492
✓ Mapa Zero
    facebook: https://www.facebook.com/MapaZero/
    instagram: https://www.instagram.com/mapazero/
✓ Öppet Hav
    facebook: https://www.facebook.com/oppethav
    linkedin: https://www.linkedin.com/company/-ppet-hav-ab
    instagram: https://www.instagram.com/oppethav/
✓ Summit
    facebook: https://www.facebook.com/summitteambuildingandtraining
    linkedin: https://www.linkedin.com/company/summit-teambuilding-training/
    instagram: https://www.instagram.com/summit.gr/
✓ Team Dynamics
    facebook: https://www.facebook.com/TDteamdynamics/
    linkedin: https://www.linkedin.com/company/team-dynamics-israel/
· ONE TO TEAM — nothing found
✓ Puzzle Games
    linkedin: https://www.linkedin.com/company/74016009/
✓ BE ALPHA
    facebook: https://www.facebook.com/BeAlphavousaccompagne/
    linkedin: https://www.linkedin.com/company/80040797/
✓ BRAVE
    facebook: https://www.facebook.com/bravenorge
    linkedin: https://www.linkedin.com/company/bravenorge
    instagram: https://www.instagram.com/bravenorge/
✓ INPEOPLE
    facebook: https://www.facebook.com/inpeople.no
    instagram: https://www.instagram.com/inpeople.no/
· ACTIVE MINDS — nothing found
· Seikkailu Oy — nothing found
· EVENTUS — nothing found
✓ UP Events
    facebook: https://www.facebook.com/upeventsamsterdam/
    linkedin: https://www.linkedin.com/company/up-eventsnl/
    instagram: https://www.instagram.com/upevents.nl/
✓ Olivier
    facebook: https://www.facebook.com/OlivierEventsFB/
    linkedin: https://www.linkedin.com/company/olivierentertaining/
    instagram: https://www.instagram.com/olivierentertaining/
✓ No Name Sport 
    facebook: https://www.facebook.com/nonamesport
    instagram: https://www.instagram.com/noname_sport/
✓ Høydepunkt Arrangementsservice as
    facebook: https://www.facebook.com/hoydepunkt
    linkedin: https://www.linkedin.com/company/h%C3%B8ydepunkt
    instagram: https://www.instagram.com/hoydepunktarrangement/
· Escape Hunt — nothing found
· Experi Event — nothing found
· TeamBattle — nothing found
· Moodmaker — nothing found
· TEAM Experiential Learning — nothing found
✓ Pamevolta
    facebook: https://www.facebook.com/PameVoltaTours
    instagram: https://www.instagram.com/pame_volta/
· Seikluskuubis — nothing found
✓ Skemmtigardur
    facebook: https://www.facebook.com/skemmtigardur/
✓ Skills and Control
    facebook: http://www.facebook.com/skillsandcontrol
    instagram: http://www.instagram.com/skillsandcontrol
· Macera Akademisi — nothing found

Done. updated=17 skipped=0 failed=11
